<?xml version="1.0" encoding="UTF-8"?>
<!-- Generated by org.testng.reporters.JUnitXMLReporter -->
<testsuite hostname="LAP-TZD-0x76360" ignored="0" name="Test" tests="1" failures="0" timestamp="2020-01-28T02:32:47 IST" time="0.042" errors="0">
  <testcase name="@BeforeTest setUP" time="-1.580158967786E9" classname="com.tigerAir.mobileAutomation.testCases.BookingModuleTestCases">
    <failure type="org.testng.TestNGException" message="
Can inject only one of &amp;lt;ITestContext, XmlTest&amp;gt; into a @BeforeTest annotated setUP.
For more information on native dependency injection please refer to http://testng.org/doc/documentation-main.html#native-dependency-injection">
      <![CDATA[org.testng.TestNGException: 
Can inject only one of <ITestContext, XmlTest> into a @BeforeTest annotated setUP.
For more information on native dependency injection please refer to http://testng.org/doc/documentation-main.html#native-dependency-injection
... Removed 21 stack frames]]>
    </failure>
  </testcase> <!-- @BeforeTest setUP -->
  <testcase name="@AfterMethod reportTearDown" time="-1.580158967822E9" classname="com.tigerAir.mobileAutomation.testCases.BookingModuleTestCases">
    <skipped/>
  </testcase> <!-- @AfterMethod reportTearDown -->
  <testcase name="@AfterTest stopService" time="-1.580158967824E9" classname="com.tigerAir.mobileAutomation.testCases.BookingModuleTestCases">
    <skipped/>
  </testcase> <!-- @AfterTest stopService -->
  <testcase name="OneAdult_OneWay_Currency_AUD_FareType_Light_FOP_Visa" time="0.0" classname="com.tigerAir.mobileAutomation.testCases.BookingModuleTestCases">
    <skipped/>
  </testcase> <!-- OneAdult_OneWay_Currency_AUD_FareType_Light_FOP_Visa -->
</testsuite> <!-- Test -->
